<html>
<head>
<title>TestNG:  Surefire test</title>
<link href="../testng.css" rel="stylesheet" type="text/css" />
<link href="../my-testng.css" rel="stylesheet" type="text/css" />

<style type="text/css">
.log { display: none;} 
.stack-trace { display: none;} 
</style>
<script type="text/javascript">
<!--
function flip(e) {
  current = e.style.display;
  if (current == 'block') {
    e.style.display = 'none';
    return 0;
  }
  else {
    e.style.display = 'block';
    return 1;
  }
}

function toggleBox(szDivId, elem, msg1, msg2)
{
  var res = -1;  if (document.getElementById) {
    res = flip(document.getElementById(szDivId));
  }
  else if (document.all) {
    // this is the way old msie versions work
    res = flip(document.all[szDivId]);
  }
  if(elem) {
    if(res == 0) elem.innerHTML = msg1; else elem.innerHTML = msg2;
  }

}

function toggleAllBoxes() {
  if (document.getElementsByTagName) {
    d = document.getElementsByTagName('div');
    for (i = 0; i < d.length; i++) {
      if (d[i].className == 'log') {
        flip(d[i]);
      }
    }
  }
}

// -->
</script>

</head>
<body>
<h2 align='center'>Surefire test</h2><table border='1' align="center">
<tr>
<td>Tests passed/Failed/Skipped:</td><td>17/1/0</td>
</tr><tr>
<td>Started on:</td><td>Mon Jun 08 00:43:17 EDT 2020</td>
</tr>
<tr><td>Total time:</td><td>34 seconds (34701 ms)</td>
</tr><tr>
<td>Included groups:</td><td></td>
</tr><tr>
<td>Excluded groups:</td><td></td>
</tr>
</table><p/>
<small><i>(Hover the method name to see the test class name)</i></small><p/>
<table width='100%' border='1' class='invocation-failed'>
<tr><td colspan='4' align='center'><b>FAILED TESTS</b></td></tr>
<tr><td><b>Test method</b></td>
<td width="30%"><b>Exception</b></td>
<td width="10%"><b>Time (seconds)</b></td>
<td><b>Instance</b></td>
</tr>
<tr>
<td title='test.FacebookTest.FacebookSignUp()'><b>FacebookSignUp</b><br>Test class: test.FacebookTest</td>
<td><div><pre>org.openqa.selenium.ElementNotInteractableException: element not interactable
  (Session info: chrome=83.0.4103.61)
Build info: version: &apos;3.141.59&apos;, revision: &apos;e82be7d358&apos;, time: &apos;2018-11-14T08:17:03&apos;
System info: host: &apos;DESKTOP-NJVK0I1&apos;, ip: &apos;192.168.1.63&apos;, os.name: &apos;Windows 10&apos;, os.arch: &apos;amd64&apos;, os.version: &apos;10.0&apos;, java.version: &apos;14&apos;
Driver info: org.openqa.selenium.chrome.ChromeDriver
Capabilities {acceptInsecureCerts: false, browserName: chrome, browserVersion: 83.0.4103.61, chrome: {chromedriverVersion: 83.0.4103.39 (ccbf011cb2d2b..., userDataDir: C:\Users\ANAWA\AppData\Loca...}, goog:chromeOptions: {debuggerAddress: localhost:55162}, javascriptEnabled: true, networkConnectionEnabled: false, pageLoadStrategy: normal, platform: WINDOWS, platformName: WINDOWS, proxy: Proxy(), setWindowRect: true, strictFileInteractability: false, timeouts: {implicit: 0, pageLoad: 300000, script: 30000}, unhandledPromptBehavior: dismiss and notify, webauthn:virtualAuthenticators: true}
Session ID: dfc6f5ce4e06cfade69899ca883f86fd
	at org.openqa.selenium.remote.http.W3CHttpResponseCodec.createException(W3CHttpResponseCodec.java:187)
	at org.openqa.selenium.remote.http.W3CHttpResponseCodec.decode(W3CHttpResponseCodec.java:122)
	at org.openqa.selenium.remote.http.W3CHttpResponseCodec.decode(W3CHttpResponseCodec.java:49)
	at org.openqa.selenium.remote.HttpCommandExecutor.execute(HttpCommandExecutor.java:158)
	at org.openqa.selenium.remote.service.DriverCommandExecutor.execute(DriverCommandExecutor.java:83)
	at org.openqa.selenium.remote.RemoteWebDriver.execute(RemoteWebDriver.java:552)
	at org.openqa.selenium.remote.RemoteWebElement.execute(RemoteWebElement.java:285)
	at org.openqa.selenium.remote.RemoteWebElement.sendKeys(RemoteWebElement.java:106)
	at org.openqa.selenium.support.pagefactory.internal.LocatingElementHandler.invoke(LocatingElementHandler.java:51)
	at com.sun.proxy.$Proxy11.sendKeys(Unknown Source)
	at pages.FacebookPage.enterFirstName(FacebookPage.java:12)
	at test.FacebookTest.FacebookSignUp(FacebookTest.java:15)
... Removed 37 stack frames</pre></div><a href='#' onClick='toggleBox("stack-trace417160915", this, "Click to show all stack frames", "Click to hide stack frames")'>Click to show all stack frames</a>
<div class='stack-trace' id='stack-trace417160915'><pre>org.openqa.selenium.ElementNotInteractableException: element not interactable
  (Session info: chrome=83.0.4103.61)
Build info: version: &apos;3.141.59&apos;, revision: &apos;e82be7d358&apos;, time: &apos;2018-11-14T08:17:03&apos;
System info: host: &apos;DESKTOP-NJVK0I1&apos;, ip: &apos;192.168.1.63&apos;, os.name: &apos;Windows 10&apos;, os.arch: &apos;amd64&apos;, os.version: &apos;10.0&apos;, java.version: &apos;14&apos;
Driver info: org.openqa.selenium.chrome.ChromeDriver
Capabilities {acceptInsecureCerts: false, browserName: chrome, browserVersion: 83.0.4103.61, chrome: {chromedriverVersion: 83.0.4103.39 (ccbf011cb2d2b..., userDataDir: C:\Users\ANAWA\AppData\Loca...}, goog:chromeOptions: {debuggerAddress: localhost:55162}, javascriptEnabled: true, networkConnectionEnabled: false, pageLoadStrategy: normal, platform: WINDOWS, platformName: WINDOWS, proxy: Proxy(), setWindowRect: true, strictFileInteractability: false, timeouts: {implicit: 0, pageLoad: 300000, script: 30000}, unhandledPromptBehavior: dismiss and notify, webauthn:virtualAuthenticators: true}
Session ID: dfc6f5ce4e06cfade69899ca883f86fd
	at java.base/jdk.internal.reflect.NativeConstructorAccessorImpl.newInstance0(Native Method)
	at java.base/jdk.internal.reflect.NativeConstructorAccessorImpl.newInstance(NativeConstructorAccessorImpl.java:62)
	at java.base/jdk.internal.reflect.DelegatingConstructorAccessorImpl.newInstance(DelegatingConstructorAccessorImpl.java:45)
	at java.base/java.lang.reflect.Constructor.newInstanceWithCaller(Constructor.java:500)
	at java.base/java.lang.reflect.Constructor.newInstance(Constructor.java:481)
	at org.openqa.selenium.remote.http.W3CHttpResponseCodec.createException(W3CHttpResponseCodec.java:187)
	at org.openqa.selenium.remote.http.W3CHttpResponseCodec.decode(W3CHttpResponseCodec.java:122)
	at org.openqa.selenium.remote.http.W3CHttpResponseCodec.decode(W3CHttpResponseCodec.java:49)
	at org.openqa.selenium.remote.HttpCommandExecutor.execute(HttpCommandExecutor.java:158)
	at org.openqa.selenium.remote.service.DriverCommandExecutor.execute(DriverCommandExecutor.java:83)
	at org.openqa.selenium.remote.RemoteWebDriver.execute(RemoteWebDriver.java:552)
	at org.openqa.selenium.remote.RemoteWebElement.execute(RemoteWebElement.java:285)
	at org.openqa.selenium.remote.RemoteWebElement.sendKeys(RemoteWebElement.java:106)
	at jdk.internal.reflect.GeneratedMethodAccessor1.invoke(Unknown Source)
	at java.base/jdk.internal.reflect.DelegatingMethodAccessorImpl.invoke(DelegatingMethodAccessorImpl.java:43)
	at java.base/java.lang.reflect.Method.invoke(Method.java:564)
	at org.openqa.selenium.support.pagefactory.internal.LocatingElementHandler.invoke(LocatingElementHandler.java:51)
	at com.sun.proxy.$Proxy11.sendKeys(Unknown Source)
	at pages.FacebookPage.enterFirstName(FacebookPage.java:12)
	at test.FacebookTest.FacebookSignUp(FacebookTest.java:15)
	at java.base/jdk.internal.reflect.NativeMethodAccessorImpl.invoke0(Native Method)
	at java.base/jdk.internal.reflect.NativeMethodAccessorImpl.invoke(NativeMethodAccessorImpl.java:62)
	at java.base/jdk.internal.reflect.DelegatingMethodAccessorImpl.invoke(DelegatingMethodAccessorImpl.java:43)
	at java.base/java.lang.reflect.Method.invoke(Method.java:564)
	at org.testng.internal.MethodInvocationHelper.invokeMethod(MethodInvocationHelper.java:124)
	at org.testng.internal.Invoker.invokeMethod(Invoker.java:583)
	at org.testng.internal.Invoker.invokeTestMethod(Invoker.java:719)
	at org.testng.internal.Invoker.invokeTestMethods(Invoker.java:989)
	at org.testng.internal.TestMethodWorker.invokeTestMethods(TestMethodWorker.java:125)
	at org.testng.internal.TestMethodWorker.run(TestMethodWorker.java:109)
	at org.testng.TestRunner.privateRun(TestRunner.java:648)
	at org.testng.TestRunner.run(TestRunner.java:505)
	at org.testng.SuiteRunner.runTest(SuiteRunner.java:455)
	at org.testng.SuiteRunner.runSequentially(SuiteRunner.java:450)
	at org.testng.SuiteRunner.privateRun(SuiteRunner.java:415)
	at org.testng.SuiteRunner.run(SuiteRunner.java:364)
	at org.testng.SuiteRunnerWorker.runSuite(SuiteRunnerWorker.java:52)
	at org.testng.SuiteRunnerWorker.run(SuiteRunnerWorker.java:84)
	at org.testng.TestNG.runSuitesSequentially(TestNG.java:1208)
	at org.testng.TestNG.runSuitesLocally(TestNG.java:1137)
	at org.testng.TestNG.runSuites(TestNG.java:1049)
	at org.testng.TestNG.run(TestNG.java:1017)
	at org.apache.maven.surefire.testng.TestNGExecutor.run(TestNGExecutor.java:132)
	at org.apache.maven.surefire.testng.TestNGDirectoryTestSuite.executeMulti(TestNGDirectoryTestSuite.java:193)
	at org.apache.maven.surefire.testng.TestNGDirectoryTestSuite.execute(TestNGDirectoryTestSuite.java:94)
	at org.apache.maven.surefire.testng.TestNGProvider.invoke(TestNGProvider.java:147)
	at org.apache.maven.surefire.booter.ForkedBooter.invokeProviderInSameClassLoader(ForkedBooter.java:290)
	at org.apache.maven.surefire.booter.ForkedBooter.runSuitesInProcess(ForkedBooter.java:242)
	at org.apache.maven.surefire.booter.ForkedBooter.main(ForkedBooter.java:121)
</pre></div></td>
<td>1</td>
<td>test.FacebookTest@7e0e6aa2</td></tr>
</table><p>
<table width='100%' border='1' class='invocation-passed'>
<tr><td colspan='4' align='center'><b>PASSED TESTS</b></td></tr>
<tr><td><b>Test method</b></td>
<td width="30%"><b>Exception</b></td>
<td width="10%"><b>Time (seconds)</b></td>
<td><b>Instance</b></td>
</tr>
<tr>
<td title='test.BNSExcelDataTest.BNSTest()'><b>BNSTest</b><br>Test class: test.BNSExcelDataTest<br>Parameters: Ataur, Tarafder, ata@yahoo.com, ata@yahoo.com, 346-345-3450, Jun, 23, 2001, Male, Submitted Form Data</td>
<td></td>
<td>1</td>
<td>test.BNSExcelDataTest@12c8a2c0</td></tr>
<tr>
<td title='test.BNSExcelDataTest.BNSTest()'><b>BNSTest</b><br>Test class: test.BNSExcelDataTest<br>Parameters: Mona, Khan, ata@yahoo.com, ata@yahoo.com, 346-345-3451, Jul, 24, 2002, Female, Submitted Form Data</td>
<td></td>
<td>1</td>
<td>test.BNSExcelDataTest@12c8a2c0</td></tr>
<tr>
<td title='test.BNSExcelDataTest.BNSTest()'><b>BNSTest</b><br>Test class: test.BNSExcelDataTest<br>Parameters: Mitu, Islam, ata@yahoo.com, ata@yahoo.com, 346-345-3452, Aug, 25, 2003, Female, Submitted Form Data</td>
<td></td>
<td>1</td>
<td>test.BNSExcelDataTest@12c8a2c0</td></tr>
<tr>
<td title='test.BNSExcelDataTest.BNSTest()'><b>BNSTest</b><br>Test class: test.BNSExcelDataTest<br>Parameters: Ataur, Tarafder, ata@yahoo.com, ata@yahoo.com, 346-345-3453, Sep, 26, 2001, Male, Submitted Form Data</td>
<td></td>
<td>1</td>
<td>test.BNSExcelDataTest@12c8a2c0</td></tr>
<tr>
<td title='test.BNSExcelDataTest.BNSTest()'><b>BNSTest</b><br>Test class: test.BNSExcelDataTest<br>Parameters: Farhan, Zaman, ata@yahoo.com, ata@yahoo.com, 346-345-3454, Oct, 27, 2002, Female, Submitted Form Data</td>
<td></td>
<td>1</td>
<td>test.BNSExcelDataTest@12c8a2c0</td></tr>
<tr>
<td title='test.BNSExcelDataTest.BNSTest()'><b>BNSTest</b><br>Test class: test.BNSExcelDataTest<br>Parameters: Ataur, Tarafder, ata@yahoo.com, ata@yahoo.com, 346-345-3455, Nov, 28, 2003, Male, Submitted Form Data</td>
<td></td>
<td>1</td>
<td>test.BNSExcelDataTest@12c8a2c0</td></tr>
<tr>
<td title='test.BNSExcelDataTest.BNSTest()'><b>BNSTest</b><br>Test class: test.BNSExcelDataTest<br>Parameters: Sonia, Sultana, ata@yahoo.com, ata@yahoo.com, 346-345-3456, Dec, 29, 2001, Female, Submitted Form Data</td>
<td></td>
<td>1</td>
<td>test.BNSExcelDataTest@12c8a2c0</td></tr>
<tr>
<td title='test.BMICalculateTest.CategoryNormal()'><b>CategoryNormal</b><br>Test class: test.BMICalculateTest</td>
<td></td>
<td>0</td>
<td>test.BMICalculateTest@a74868d</td></tr>
<tr>
<td title='test.BMICalculateTest.CategoryObesity()'><b>CategoryObesity</b><br>Test class: test.BMICalculateTest</td>
<td></td>
<td>0</td>
<td>test.BMICalculateTest@a74868d</td></tr>
<tr>
<td title='test.BMICalculateTest.CategoryOverWeight()'><b>CategoryOverWeight</b><br>Test class: test.BMICalculateTest</td>
<td></td>
<td>0</td>
<td>test.BMICalculateTest@a74868d</td></tr>
<tr>
<td title='test.BMICalculateTest.CategoryUnderWeight()'><b>CategoryUnderWeight</b><br>Test class: test.BMICalculateTest</td>
<td></td>
<td>0</td>
<td>test.BMICalculateTest@a74868d</td></tr>
<tr>
<td title='test.FundTransferTest.InvalidPayeeValidAmount()'><b>InvalidPayeeValidAmount</b><br>Test class: test.FundTransferTest</td>
<td></td>
<td>3</td>
<td>test.FundTransferTest@365185bd</td></tr>
<tr>
<td title='test.BMICalculateTest.NoHeightField()'><b>NoHeightField</b><br>Test class: test.BMICalculateTest</td>
<td></td>
<td>0</td>
<td>test.BMICalculateTest@a74868d</td></tr>
<tr>
<td title='test.BMICalculateTest.NoWeightField()'><b>NoWeightField</b><br>Test class: test.BMICalculateTest</td>
<td></td>
<td>0</td>
<td>test.BMICalculateTest@a74868d</td></tr>
<tr>
<td title='test.FundTransferTest.ValidPayeeInvalidAmount()'><b>ValidPayeeInvalidAmount</b><br>Test class: test.FundTransferTest</td>
<td></td>
<td>3</td>
<td>test.FundTransferTest@365185bd</td></tr>
<tr>
<td title='test.FundTransferTest.ValidPayeeNoAmount()'><b>ValidPayeeNoAmount</b><br>Test class: test.FundTransferTest</td>
<td></td>
<td>3</td>
<td>test.FundTransferTest@365185bd</td></tr>
<tr>
<td title='test.FundTransferTest.ValidPayeeValidAmount()'><b>ValidPayeeValidAmount</b><br>Test class: test.FundTransferTest</td>
<td></td>
<td>3</td>
<td>test.FundTransferTest@365185bd</td></tr>
</table><p>
</body>
</html>