<?xml version="1.0" encoding="UTF-8"?>
<!-- Generated by org.testng.reporters.JUnitXMLReporter -->
<testsuite ignored="6" hostname="DESKTOP-NJVK0I1" failures="1" tests="18" name="Surefire test" time="34.701" errors="0" timestamp="08 Jun 2020 04:43:52 GMT">
  <testcase classname="test.BMICalculateTest" name="CategoryNormal" time="0.511"/>
  <testcase classname="test.BMICalculateTest" name="CategoryObesity" time="0.342"/>
  <testcase classname="test.BMICalculateTest" name="CategoryOverWeight" time="0.316"/>
  <testcase classname="test.BMICalculateTest" name="CategoryUnderWeight" time="0.246"/>
  <testcase classname="test.BMICalculateTest" name="NoHeightField" time="0.237"/>
  <testcase classname="test.BMICalculateTest" name="NoWeightField" time="0.271"/>
  <testcase classname="test.BNSExcelDataTest" name="BNSTest" time="1.204"/>
  <testcase classname="test.BNSExcelDataTest" name="BNSTest" time="1.333"/>
  <testcase classname="test.BNSExcelDataTest" name="BNSTest" time="1.177"/>
  <testcase classname="test.BNSExcelDataTest" name="BNSTest" time="1.417"/>
  <testcase classname="test.BNSExcelDataTest" name="BNSTest" time="1.41"/>
  <testcase classname="test.BNSExcelDataTest" name="BNSTest" time="1.322"/>
  <testcase classname="test.BNSExcelDataTest" name="BNSTest" time="1.383"/>
  <testcase classname="test.FacebookTest" name="FacebookSignUp" time="1.788">
    <failure type="org.openqa.selenium.ElementNotInteractableException" message="element not interactable
  (Session info: chrome=83.0.4103.61)
Build info: version: &amp;apos;3.141.59&amp;apos;, revision: &amp;apos;e82be7d358&amp;apos;, time: &amp;apos;2018-11-14T08:17:03&amp;apos;
System info: host: &amp;apos;DESKTOP-NJVK0I1&amp;apos;, ip: &amp;apos;192.168.1.63&amp;apos;, os.name: &amp;apos;Windows 10&amp;apos;, os.arch: &amp;apos;amd64&amp;apos;, os.version: &amp;apos;10.0&amp;apos;, java.version: &amp;apos;14&amp;apos;
Driver info: org.openqa.selenium.chrome.ChromeDriver
Capabilities {acceptInsecureCerts: false, browserName: chrome, browserVersion: 83.0.4103.61, chrome: {chromedriverVersion: 83.0.4103.39 (ccbf011cb2d2b..., userDataDir: C:\Users\ANAWA\AppData\Loca...}, goog:chromeOptions: {debuggerAddress: localhost:55162}, javascriptEnabled: true, networkConnectionEnabled: false, pageLoadStrategy: normal, platform: WINDOWS, platformName: WINDOWS, proxy: Proxy(), setWindowRect: true, strictFileInteractability: false, timeouts: {implicit: 0, pageLoad: 300000, script: 30000}, unhandledPromptBehavior: dismiss and notify, webauthn:virtualAuthenticators: true}
Session ID: dfc6f5ce4e06cfade69899ca883f86fd">
      <![CDATA[org.openqa.selenium.ElementNotInteractableException: element not interactable
  (Session info: chrome=83.0.4103.61)
Build info: version: '3.141.59', revision: 'e82be7d358', time: '2018-11-14T08:17:03'
System info: host: 'DESKTOP-NJVK0I1', ip: '192.168.1.63', os.name: 'Windows 10', os.arch: 'amd64', os.version: '10.0', java.version: '14'
Driver info: org.openqa.selenium.chrome.ChromeDriver
Capabilities {acceptInsecureCerts: false, browserName: chrome, browserVersion: 83.0.4103.61, chrome: {chromedriverVersion: 83.0.4103.39 (ccbf011cb2d2b..., userDataDir: C:\Users\ANAWA\AppData\Loca...}, goog:chromeOptions: {debuggerAddress: localhost:55162}, javascriptEnabled: true, networkConnectionEnabled: false, pageLoadStrategy: normal, platform: WINDOWS, platformName: WINDOWS, proxy: Proxy(), setWindowRect: true, strictFileInteractability: false, timeouts: {implicit: 0, pageLoad: 300000, script: 30000}, unhandledPromptBehavior: dismiss and notify, webauthn:virtualAuthenticators: true}
Session ID: dfc6f5ce4e06cfade69899ca883f86fd
at org.openqa.selenium.remote.http.W3CHttpResponseCodec.createException(W3CHttpResponseCodec.java:187)
at org.openqa.selenium.remote.http.W3CHttpResponseCodec.decode(W3CHttpResponseCodec.java:122)
at org.openqa.selenium.remote.http.W3CHttpResponseCodec.decode(W3CHttpResponseCodec.java:49)
at org.openqa.selenium.remote.HttpCommandExecutor.execute(HttpCommandExecutor.java:158)
at org.openqa.selenium.remote.service.DriverCommandExecutor.execute(DriverCommandExecutor.java:83)
at org.openqa.selenium.remote.RemoteWebDriver.execute(RemoteWebDriver.java:552)
at org.openqa.selenium.remote.RemoteWebElement.execute(RemoteWebElement.java:285)
at org.openqa.selenium.remote.RemoteWebElement.sendKeys(RemoteWebElement.java:106)
at org.openqa.selenium.support.pagefactory.internal.LocatingElementHandler.invoke(LocatingElementHandler.java:51)
at com.sun.proxy.$Proxy11.sendKeys(Unknown Source)
at pages.FacebookPage.enterFirstName(FacebookPage.java:12)
at test.FacebookTest.FacebookSignUp(FacebookTest.java:15)
... Removed 37 stack frames]]>
    </failure>
  </testcase> <!-- FacebookSignUp -->
  <testcase classname="test.FundTransferTest" name="InvalidPayeeValidAmount" time="3.501"/>
  <testcase classname="test.FundTransferTest" name="ValidPayeeInvalidAmount" time="3.269"/>
  <testcase classname="test.FundTransferTest" name="ValidPayeeNoAmount" time="3.248"/>
  <testcase classname="test.FundTransferTest" name="ValidPayeeValidAmount" time="3.249"/>
  <testcase classname="base.BaseClass" name="@AfterTest teardown" time="0.0">
    <ignored/>
  </testcase> <!-- @AfterTest teardown -->
  <testcase classname="base.BaseClass" name="@AfterTest teardown" time="0.0">
    <ignored/>
  </testcase> <!-- @AfterTest teardown -->
  <testcase classname="base.BaseClass" name="@AfterTest teardown" time="0.0">
    <ignored/>
  </testcase> <!-- @AfterTest teardown -->
  <testcase classname="base.BaseClass" name="@BeforeTest setup" time="0.0">
    <ignored/>
  </testcase> <!-- @BeforeTest setup -->
  <testcase classname="base.BaseClass" name="@BeforeTest setup" time="0.0">
    <ignored/>
  </testcase> <!-- @BeforeTest setup -->
  <testcase classname="base.BaseClass" name="@BeforeTest setup" time="0.0">
    <ignored/>
  </testcase> <!-- @BeforeTest setup -->
</testsuite> <!-- Surefire test -->
